{
  "RSpec": {
    "coverage": {
      "/home/balanced-middleware-5527/tic-tac-toe-rb-ruby-intro-000/lib/tic_tac_toe.rb": [
        null,
        1,
        null,
        null,
        null,
        null,
        null,
        null,
        null,
        null,
        null,
        1,
        7,
        7,
        7,
        7,
        7,
        null,
        null,
        1,
        6,
        null,
        null,
        1,
        5,
        null,
        null,
        1,
        10,
        7,
        null,
        3,
        null,
        null,
        null,
        1,
        6,
        5,
        3,
        null,
        2,
        null,
        null,
        6,
        3,
        null,
        3,
        null,
        null,
        null,
        1,
        4,
        4,
        36,
        5,
        null,
        null,
        4,
        null,
        null,
        1,
        3,
        null,
        null,
        1,
        3,
        3,
        3,
        3,
        2,
        2,
        2,
        null,
        1,
        null,
        null,
        null,
        1,
        8,
        56,
        56,
        56,
        56,
        56,
        56,
        56,
        4,
        null,
        52,
        null,
        null,
        4,
        null,
        null,
        1,
        10,
        10,
        90,
        75,
        null,
        null,
        null,
        10,
        6,
        null,
        4,
        null,
        null,
        null,
        1,
        6,
        2,
        null,
        4,
        null,
        null,
        null,
        1,
        3,
        2,
        null,
        1,
        null,
        null,
        null,
        1,
        3,
        2,
        12,
        12,
        12,
        12,
        1,
        11,
        1,
        null,
        null,
        null,
        null,
        null,
        null,
        null,
        null,
        1,
        0,
        0,
        0,
        0,
        null,
        0,
        null
      ]
    },
    "timestamp": 1600797555
  }
}
